<?xml version="1.0" encoding="UTF-8"?>
<!-- Generated by org.testng.reporters.JUnitXMLReporter -->
<testsuite hostname="Bharath" ignored="0" name="Free CRM App Test Cases" tests="3" failures="1" timestamp="2020-04-29T08:50:17 IST" time="76.367" errors="0">
  <testcase name="loginPageTitleTest" time="0.451" classname="com.allurereports.test.LoginPageTest">
    <failure type="java.lang.AssertionError" message="expected [Free CRM #1 cloud software for any business large or small123] but found [Free CRM #1 cloud software for any business large or small]">
      <![CDATA[java.lang.AssertionError: expected [Free CRM #1 cloud software for any business large or small123] but found [Free CRM #1 cloud software for any business large or small]
at com.allurereports.test.LoginPageTest.loginPageTitleTest(LoginPageTest.java:56)
at java.util.ArrayList.forEach(ArrayList.java:1249)
... Removed 32 stack frames]]>
    </failure>
  </testcase> <!-- loginPageTitleTest -->
  <testcase name="loginTest" time="13.975" classname="com.allurereports.test.LoginPageTest"/>
  <testcase name="signUpPageTest" time="4.76" classname="com.allurereports.test.LoginPageTest"/>
</testsuite> <!-- Free CRM App Test Cases -->
