<?xml version="1.0" encoding="UTF-8"?>
<!-- Generated by org.testng.reporters.JUnitXMLReporter -->
<testsuite hostname="Bharath" ignored="0" name="Default test" tests="3" failures="0" timestamp="2020-04-25T15:30:39 IST" time="71.751" errors="0">
  <testcase name="loginPageTitleTest" time="0.318" classname="com.allurereports.test.LoginPageTest"/>
  <testcase name="loginTest" time="13.09" classname="com.allurereports.test.LoginPageTest"/>
  <testcase name="signUpPageTest" time="5.216" classname="com.allurereports.test.LoginPageTest"/>
</testsuite> <!-- Default test -->
