<?xml version="1.0" encoding="UTF-8"?>
<testsuite xmlns:xsi="http://www.w3.org/2001/XMLSchema-instance" xsi:noNamespaceSchemaLocation="https://maven.apache.org/surefire/maven-surefire-plugin/xsd/surefire-test-report.xsd" name="TestSuite" time="72.829" tests="3" errors="0" skipped="0" failures="1">
  <properties>
[...]
</properties>
  <testcase name="loginPageTitleTest" classname="com.allurereports.test.LoginPageTest" time="2.771">
    <failure message="expected [Free CRM #1 cloud software for any business large or small123] but found [Free CRM #1 cloud software for any business large or small]" type="java.lang.AssertionError">java.lang.AssertionError: expected [Free CRM #1 cloud software for any business large or small123] but found [Free CRM #1 cloud software for any business large or small]
	at com.allurereports.test.LoginPageTest.loginPageTitleTest(LoginPageTest.java:56)
</failure>
    <system-out><![CDATA[I am in onStart method Free CRM App Test Cases
I am in onStart method Free CRM App Test Cases
I am in onTestStart method loginPageTitleTest start
I am in onTestStart method loginPageTitleTest start
I am in onTestFailure method loginPageTitleTest failed
Screenshot captured for test case:loginPageTitleTest
I am in onTestFailure method loginPageTitleTest failed
Screenshot captured for test case:loginPageTitleTest
]]></system-out>
    <system-err><![CDATA[SLF4J: Failed to load class "org.slf4j.impl.StaticLoggerBinder".
SLF4J: Defaulting to no-operation (NOP) logger implementation
SLF4J: See http://www.slf4j.org/codes.html#StaticLoggerBinder for further details.
Starting ChromeDriver 2.44.609538 (b655c5a60b0b544917107a59d4153d4bf78e1b90) on port 14793
Only local connections are allowed.
[1588126075.751][WARNING]: Timed out connecting to Chrome, retrying...
Apr 29, 2020 7:37:58 AM org.openqa.selenium.remote.ProtocolHandshake createSession
INFO: Detected dialect: OSS
[1588126080.769][WARNING]: Timed out connecting to Chrome, retrying...
]]></system-err>
  </testcase>
  <testcase name="loginTest" classname="com.allurereports.test.LoginPageTest" time="11.247"/>
  <testcase name="signUpPageTest" classname="com.allurereports.test.LoginPageTest" time="4.311"/>
</testsuite>